<?xml version="1.0" encoding="UTF-8"?>
<testsuite hostname="DESKTOP-J07IHEV" tests="2" failures="0" timestamp="8 Jun 2017 09:04:55 GMT" time="0.056" errors="0">
  <testcase name="@BeforeMethod setUp" time="0.0" classname="AppiumTest">
    <failure type="org.testng.TestNGException" message="
Parameter &amp;apos;DeviceId&amp;apos; is required by @Configuration on method setUp
but has not been marked @Optional or defined in C:\Users\PS-Analyst-05\AppData\Local\Temp\testng-eclipse-1584094141\testng-customsuite.xml">
      <![CDATA[org.testng.TestNGException: 
Parameter 'DeviceId' is required by @Configuration on method setUp
but has not been marked @Optional or defined in C:\Users\PS-Analyst-05\AppData\Local\Temp\testng-eclipse-1584094141\testng-customsuite.xml
	at org.testng.internal.Parameters.createParameters(Parameters.java:144)
	at org.testng.internal.Parameters.createParameters(Parameters.java:342)
	at org.testng.internal.Parameters.createConfigurationParameters(Parameters.java:78)
	at org.testng.internal.Invoker.invokeConfigurations(Invoker.java:190)
	at org.testng.internal.Invoker.invokeMethod(Invoker.java:613)
	at org.testng.internal.Invoker.invokeTestMethod(Invoker.java:842)
	at org.testng.internal.Invoker.invokeTestMethods(Invoker.java:1166)
	at org.testng.internal.TestMethodWorker.invokeTestMethods(TestMethodWorker.java:125)
	at org.testng.internal.TestMethodWorker.run(TestMethodWorker.java:109)
	at org.testng.TestRunner.runWorkers(TestRunner.java:1178)
	at org.testng.TestRunner.privateRun(TestRunner.java:757)
	at org.testng.TestRunner.run(TestRunner.java:608)
	at org.testng.SuiteRunner.runTest(SuiteRunner.java:334)
	at org.testng.SuiteRunner.runSequentially(SuiteRunner.java:329)
	at org.testng.SuiteRunner.privateRun(SuiteRunner.java:291)
	at org.testng.SuiteRunner.run(SuiteRunner.java:240)
	at org.testng.SuiteRunnerWorker.runSuite(SuiteRunnerWorker.java:52)
	at org.testng.SuiteRunnerWorker.run(SuiteRunnerWorker.java:86)
	at org.testng.TestNG.runSuitesSequentially(TestNG.java:1158)
	at org.testng.TestNG.runSuitesLocally(TestNG.java:1083)
	at org.testng.TestNG.run(TestNG.java:999)
	at org.testng.remote.AbstractRemoteTestNG.run(AbstractRemoteTestNG.java:132)
	at org.testng.remote.RemoteTestNG.initAndRun(RemoteTestNG.java:230)
	at org.testng.remote.RemoteTestNG.main(RemoteTestNG.java:76)
]]>
    </failure>
  </testcase>
  <testcase name="@AfterMethod tearDown" time="0.0" classname="AppiumTest">
    <skipped/>
  </testcase>
  <testcase name="@BeforeMethod setUp" time="0.0" classname="AppiumTest">
    <skipped/>
  </testcase>
  <testcase name="@AfterMethod tearDown" time="0.0" classname="AppiumTest">
    <skipped/>
  </testcase>
  <testcase name="@AfterClass endDriver" time="0.0" classname="AppiumTest">
    <skipped/>
  </testcase>
  <testcase name="ProfileUpdate" time="0.007" classname="AppiumTest">
    <skipped/>
  </testcase>
  <testcase name="ProfileUpdateWithEmptyName" time="0.001" classname="AppiumTest">
    <skipped/>
  </testcase>
</testsuite>
